0 info it worked if it ends with ok
1 verbose cli [ '/home/apetrov/nvm/v6.1.0/bin/node',
1 verbose cli   '/home/apetrov/nvm/v6.1.0/bin/npm',
1 verbose cli   'start' ]
2 info using npm@3.10.7
3 info using node@v6.1.0
4 verbose run-script [ 'prestart', 'start', 'poststart' ]
5 info lifecycle maas-editor-demo@0.0.0~prestart: maas-editor-demo@0.0.0
6 silly lifecycle maas-editor-demo@0.0.0~prestart: no script for prestart, continuing
7 info lifecycle maas-editor-demo@0.0.0~start: maas-editor-demo@0.0.0
8 verbose lifecycle maas-editor-demo@0.0.0~start: unsafe-perm in lifecycle true
9 verbose lifecycle maas-editor-demo@0.0.0~start: PATH: /home/apetrov/nvm/v6.1.0/lib/node_modules/npm/bin/node-gyp-bin:/home/apetrov/Desktop/maas-editor-demo/node_modules/.bin:/home/apetrov/apache-maven-3.3.9/bin:/home/apetrov/CWB7/CWB7.1p:/usr/local/sml/bin:/home/apetrov/mongodb/mongodb-linux-x86_64-3.2.6/bin:/home/apetrov/nvm/v6.1.0/bin:/usr/lib64/qt-3.3/bin:/usr/local/bin:/usr/local/sbin:/usr/bin:/usr/sbin:/bin:/sbin
10 verbose lifecycle maas-editor-demo@0.0.0~start: CWD: /home/apetrov/Desktop/maas-editor-demo
11 silly lifecycle maas-editor-demo@0.0.0~start: Args: [ '-c', 'node web.js' ]
12 silly lifecycle maas-editor-demo@0.0.0~start: Returned: code: 1  signal: null
13 info lifecycle maas-editor-demo@0.0.0~start: Failed to exec start script
14 verbose stack Error: maas-editor-demo@0.0.0 start: `node web.js`
14 verbose stack Exit status 1
14 verbose stack     at EventEmitter.<anonymous> (/home/apetrov/nvm/v6.1.0/lib/node_modules/npm/lib/utils/lifecycle.js:255:16)
14 verbose stack     at emitTwo (events.js:106:13)
14 verbose stack     at EventEmitter.emit (events.js:191:7)
14 verbose stack     at ChildProcess.<anonymous> (/home/apetrov/nvm/v6.1.0/lib/node_modules/npm/lib/utils/spawn.js:40:14)
14 verbose stack     at emitTwo (events.js:106:13)
14 verbose stack     at ChildProcess.emit (events.js:191:7)
14 verbose stack     at maybeClose (internal/child_process.js:850:16)
14 verbose stack     at Process.ChildProcess._handle.onexit (internal/child_process.js:215:5)
15 verbose pkgid maas-editor-demo@0.0.0
16 verbose cwd /home/apetrov/Desktop/maas-editor-demo
17 error Linux 4.4.14-200.fc22.x86_64
18 error argv "/home/apetrov/nvm/v6.1.0/bin/node" "/home/apetrov/nvm/v6.1.0/bin/npm" "start"
19 error node v6.1.0
20 error npm  v3.10.7
21 error code ELIFECYCLE
22 error maas-editor-demo@0.0.0 start: `node web.js`
22 error Exit status 1
23 error Failed at the maas-editor-demo@0.0.0 start script 'node web.js'.
23 error Make sure you have the latest version of node.js and npm installed.
23 error If you do, this is most likely a problem with the maas-editor-demo package,
23 error not with npm itself.
23 error Tell the author that this fails on your system:
23 error     node web.js
23 error You can get information on how to open an issue for this project with:
23 error     npm bugs maas-editor-demo
23 error Or if that isn't available, you can get their info via:
23 error     npm owner ls maas-editor-demo
23 error There is likely additional logging output above.
24 verbose exit [ 1, true ]
